Start to read graph from shp file input/NVDB_database_di.shp 
Read network shp file from : input/NVDB_database_di.shp
Number of edges read: 57690
Finish reading network 
Finish reading network shp file.
Network edges :57690 
Graph nodes 23922
Graph constructed successfully
Cleaning network
Cleaning network finished
Start to generate PODT with delta 5000
Progress source 0
Progress source 1000
Progress source 2000
Progress source 3000
Progress source 4000
Progress source 5000
Progress source 6000
Progress source 7000
Progress source 8000
Progress source 9000
Progress source 10000
Progress source 11000
Progress source 12000
Progress source 13000
Progress source 14000
Progress source 15000
Progress source 16000
Progress source 17000
Progress source 18000
Progress source 19000
Progress source 20000
Progress source 21000
Progress source 22000
Progress source 23000

real    0m9.955s
user    0m9.354s
sys 0m0.504s
